Analysis & Synthesis report for projetoSD
Thu Nov 01 16:33:02 2018
Quartus II Version 9.1 Build 350 03/24/2010 Service Pack 2 SJ Web Edition


---------------------
; Table of Contents ;
---------------------
  1. Legal Notice
  2. Analysis & Synthesis Summary
  3. Analysis & Synthesis Settings
  4. Parallel Compilation
  5. Analysis & Synthesis Source Files Read
  6. Analysis & Synthesis Resource Usage Summary
  7. Analysis & Synthesis Resource Utilization by Entity
  8. General Register Statistics
  9. Analysis & Synthesis Messages



----------------
; Legal Notice ;
----------------
Copyright (C) 1991-2010 Altera Corporation
Your use of Altera Corporation's design tools, logic functions 
and other software and tools, and its AMPP partner logic 
functions, and any output files from any of the foregoing 
(including device programming or simulation files), and any 
associated documentation or information are expressly subject 
to the terms and conditions of the Altera Program License 
Subscription Agreement, Altera MegaCore Function License 
Agreement, or other applicable license agreement, including, 
without limitation, that your use is for the sole purpose of 
programming logic devices manufactured by Altera and sold by 
Altera or its authorized distributors.  Please refer to the 
applicable agreement for further details.



+------------------------------------------------------------------------------+
; Analysis & Synthesis Summary                                                 ;
+-------------------------------+----------------------------------------------+
; Analysis & Synthesis Status   ; Successful - Thu Nov 01 16:33:02 2018        ;
; Quartus II Version            ; 9.1 Build 350 03/24/2010 SP 2 SJ Web Edition ;
; Revision Name                 ; projetoSD                                    ;
; Top-level Entity Name         ; XOR4bt                                       ;
; Family                        ; Stratix II                                   ;
; Logic utilization             ; N/A                                          ;
;     Combinational ALUTs       ; 4                                            ;
;     Dedicated logic registers ; 0                                            ;
; Total registers               ; 0                                            ;
; Total pins                    ; 12                                           ;
; Total virtual pins            ; 0                                            ;
; Total block memory bits       ; 0                                            ;
; DSP block 9-bit elements      ; 0                                            ;
; Total PLLs                    ; 0                                            ;
; Total DLLs                    ; 0                                            ;
+-------------------------------+----------------------------------------------+


+----------------------------------------------------------------------------------------------------------------------+
; Analysis & Synthesis Settings                                                                                        ;
+----------------------------------------------------------------------------+--------------------+--------------------+
; Option                                                                     ; Setting            ; Default Value      ;
+----------------------------------------------------------------------------+--------------------+--------------------+
; Top-level entity name                                                      ; XOR4bt             ; projetoSD          ;
; Family name                                                                ; Stratix II         ; Stratix II         ;
; Use Generated Physical Constraints File                                    ; Off                ;                    ;
; Use smart compilation                                                      ; Off                ; Off                ;
; Enable parallel Assembler and TimeQuest Timing Analyzer during compilation ; On                 ; On                 ;
; Enable compact report table                                                ; Off                ; Off                ;
; Restructure Multiplexers                                                   ; Auto               ; Auto               ;
; Create Debugging Nodes for IP Cores                                        ; Off                ; Off                ;
; Preserve fewer node names                                                  ; On                 ; On                 ;
; Disable OpenCore Plus hardware evaluation                                  ; Off                ; Off                ;
; Verilog Version                                                            ; Verilog_2001       ; Verilog_2001       ;
; VHDL Version                                                               ; VHDL_1993          ; VHDL_1993          ;
; State Machine Processing                                                   ; Auto               ; Auto               ;
; Safe State Machine                                                         ; Off                ; Off                ;
; Extract Verilog State Machines                                             ; On                 ; On                 ;
; Extract VHDL State Machines                                                ; On                 ; On                 ;
; Ignore Verilog initial constructs                                          ; Off                ; Off                ;
; Iteration limit for constant Verilog loops                                 ; 5000               ; 5000               ;
; Iteration limit for non-constant Verilog loops                             ; 250                ; 250                ;
; Add Pass-Through Logic to Inferred RAMs                                    ; On                 ; On                 ;
; Parallel Synthesis                                                         ; On                 ; On                 ;
; DSP Block Balancing                                                        ; Auto               ; Auto               ;
; NOT Gate Push-Back                                                         ; On                 ; On                 ;
; Power-Up Don't Care                                                        ; On                 ; On                 ;
; Remove Redundant Logic Cells                                               ; Off                ; Off                ;
; Remove Duplicate Registers                                                 ; On                 ; On                 ;
; Ignore CARRY Buffers                                                       ; Off                ; Off                ;
; Ignore CASCADE Buffers                                                     ; Off                ; Off                ;
; Ignore GLOBAL Buffers                                                      ; Off                ; Off                ;
; Ignore ROW GLOBAL Buffers                                                  ; Off                ; Off                ;
; Ignore LCELL Buffers                                                       ; Off                ; Off                ;
; Ignore SOFT Buffers                                                        ; On                 ; On                 ;
; Limit AHDL Integers to 32 Bits                                             ; Off                ; Off                ;
; Optimization Technique                                                     ; Balanced           ; Balanced           ;
; Carry Chain Length                                                         ; 70                 ; 70                 ;
; Auto Carry Chains                                                          ; On                 ; On                 ;
; Auto Open-Drain Pins                                                       ; On                 ; On                 ;
; Perform WYSIWYG Primitive Resynthesis                                      ; Off                ; Off                ;
; Auto ROM Replacement                                                       ; On                 ; On                 ;
; Auto RAM Replacement                                                       ; On                 ; On                 ;
; Auto DSP Block Replacement                                                 ; On                 ; On                 ;
; Auto Shift Register Replacement                                            ; Auto               ; Auto               ;
; Auto Clock Enable Replacement                                              ; On                 ; On                 ;
; Strict RAM Replacement                                                     ; Off                ; Off                ;
; Allow Synchronous Control Signals                                          ; On                 ; On                 ;
; Force Use of Synchronous Clear Signals                                     ; Off                ; Off                ;
; Auto RAM Block Balancing                                                   ; On                 ; On                 ;
; Auto RAM to Logic Cell Conversion                                          ; Off                ; Off                ;
; Auto Resource Sharing                                                      ; Off                ; Off                ;
; Allow Any RAM Size For Recognition                                         ; Off                ; Off                ;
; Allow Any ROM Size For Recognition                                         ; Off                ; Off                ;
; Allow Any Shift Register Size For Recognition                              ; Off                ; Off                ;
; Use LogicLock Constraints during Resource Balancing                        ; On                 ; On                 ;
; Ignore translate_off and synthesis_off directives                          ; Off                ; Off                ;
; Timing-Driven Synthesis                                                    ; Off                ; Off                ;
; Show Parameter Settings Tables in Synthesis Report                         ; On                 ; On                 ;
; Ignore Maximum Fan-Out Assignments                                         ; Off                ; Off                ;
; Synchronization Register Chain Length                                      ; 2                  ; 2                  ;
; PowerPlay Power Optimization                                               ; Normal compilation ; Normal compilation ;
; HDL message level                                                          ; Level2             ; Level2             ;
; Suppress Register Optimization Related Messages                            ; Off                ; Off                ;
; Number of Removed Registers Reported in Synthesis Report                   ; 5000               ; 5000               ;
; Number of Inverted Registers Reported in Synthesis Report                  ; 100                ; 100                ;
; Clock MUX Protection                                                       ; On                 ; On                 ;
; Auto Gated Clock Conversion                                                ; Off                ; Off                ;
; Block Design Naming                                                        ; Auto               ; Auto               ;
; SDC constraint protection                                                  ; Off                ; Off                ;
; Synthesis Effort                                                           ; Auto               ; Auto               ;
; Shift Register Replacement - Allow Asynchronous Clear Signal               ; On                 ; On                 ;
; Analysis & Synthesis Message Level                                         ; Medium             ; Medium             ;
; Disable Register Merging Across Hierarchies                                ; Auto               ; Auto               ;
; Resource Aware Inference For Block RAM                                     ; On                 ; On                 ;
+----------------------------------------------------------------------------+--------------------+--------------------+


Parallel compilation was disabled, but you have multiple processors available. Enable parallel compilation to reduce compilation time.
+-------------------------------------+
; Parallel Compilation                ;
+----------------------------+--------+
; Processors                 ; Number ;
+----------------------------+--------+
; Number detected on machine ; 2      ;
; Maximum allowed            ; 1      ;
+----------------------------+--------+


+-----------------------------------------------------------------------------------------------------------------------------------+
; Analysis & Synthesis Source Files Read                                                                                            ;
+----------------------------------+-----------------+------------------------------------+-----------------------------------------+
; File Name with User-Entered Path ; Used in Netlist ; File Type                          ; File Name with Absolute Path            ;
+----------------------------------+-----------------+------------------------------------+-----------------------------------------+
; XOR4bt.bdf                       ; yes             ; User Block Diagram/Schematic File  ; C:/Users/Gabriela/Desktop/SD/XOR4bt.bdf ;
+----------------------------------+-----------------+------------------------------------+-----------------------------------------+


+------------------------------------------------------+
; Analysis & Synthesis Resource Usage Summary          ;
+----------------------------------------------+-------+
; Resource                                     ; Usage ;
+----------------------------------------------+-------+
; Estimated ALUTs Used                         ; 4     ;
; Dedicated logic registers                    ; 0     ;
;                                              ;       ;
; Estimated ALUTs Unavailable                  ; 0     ;
;                                              ;       ;
; Total combinational functions                ; 4     ;
; Combinational ALUT usage by number of inputs ;       ;
;     -- 7 input functions                     ; 0     ;
;     -- 6 input functions                     ; 0     ;
;     -- 5 input functions                     ; 0     ;
;     -- 4 input functions                     ; 0     ;
;     -- <=3 input functions                   ; 4     ;
;                                              ;       ;
; Combinational ALUTs by mode                  ;       ;
;     -- normal mode                           ; 4     ;
;     -- extended LUT mode                     ; 0     ;
;     -- arithmetic mode                       ; 0     ;
;     -- shared arithmetic mode                ; 0     ;
;                                              ;       ;
; Estimated ALUT/register pairs used           ; 0     ;
;                                              ;       ;
; Total registers                              ; 0     ;
;     -- Dedicated logic registers             ; 0     ;
;     -- I/O registers                         ; 0     ;
;                                              ;       ;
;                                              ;       ;
; I/O pins                                     ; 12    ;
; Maximum fan-out node                         ; XOR_3 ;
; Maximum fan-out                              ; 1     ;
; Total fan-out                                ; 12    ;
; Average fan-out                              ; 0.75  ;
+----------------------------------------------+-------+


+-----------------------------------------------------------------------------------------------------------------------------------------------------------------------------------------------+
; Analysis & Synthesis Resource Utilization by Entity                                                                                                                                           ;
+----------------------------+-------------------+--------------+-------------------+--------------+---------+-----------+-----------+------+--------------+---------------------+--------------+
; Compilation Hierarchy Node ; LC Combinationals ; LC Registers ; Block Memory Bits ; DSP Elements ; DSP 9x9 ; DSP 18x18 ; DSP 36x36 ; Pins ; Virtual Pins ; Full Hierarchy Name ; Library Name ;
+----------------------------+-------------------+--------------+-------------------+--------------+---------+-----------+-----------+------+--------------+---------------------+--------------+
; |XOR4bt                    ; 4 (4)             ; 0 (0)        ; 0                 ; 0            ; 0       ; 0         ; 0         ; 12   ; 0            ; |XOR4bt             ; work         ;
+----------------------------+-------------------+--------------+-------------------+--------------+---------+-----------+-----------+------+--------------+---------------------+--------------+
Note: For table entries with two numbers listed, the numbers in parentheses indicate the number of resources of the given type used by the specific entity alone. The numbers listed outside of parentheses indicate the total resources of the given type used by the specific entity and all of its sub-entities in the hierarchy.


+------------------------------------------------------+
; General Register Statistics                          ;
+----------------------------------------------+-------+
; Statistic                                    ; Value ;
+----------------------------------------------+-------+
; Total registers                              ; 0     ;
; Number of registers using Synchronous Clear  ; 0     ;
; Number of registers using Synchronous Load   ; 0     ;
; Number of registers using Asynchronous Clear ; 0     ;
; Number of registers using Asynchronous Load  ; 0     ;
; Number of registers using Clock Enable       ; 0     ;
; Number of registers using Preset             ; 0     ;
+----------------------------------------------+-------+


+-------------------------------+
; Analysis & Synthesis Messages ;
+-------------------------------+
Info: *******************************************************************
Info: Running Quartus II Analysis & Synthesis
    Info: Version 9.1 Build 350 03/24/2010 Service Pack 2 SJ Web Edition
    Info: Processing started: Thu Nov 01 16:33:00 2018
Info: Command: quartus_map --read_settings_files=on --write_settings_files=off projetoSD -c projetoSD
Info: Found 1 design units, including 1 entities, in source file and4bt.bdf
    Info: Found entity 1: AND4bt
Info: Found 1 design units, including 1 entities, in source file bcdcdisplay.bdf
    Info: Found entity 1: BCDcDISPLAY
Info: Found 1 design units, including 1 entities, in source file complementoa2.bdf
    Info: Found entity 1: COMPLEMENTOa2
Info: Found 1 design units, including 1 entities, in source file displaybcd.bdf
    Info: Found entity 1: DisplayBCD
Info: Found 1 design units, including 1 entities, in source file displayula.bdf
    Info: Found entity 1: DisplayULA
Info: Found 1 design units, including 1 entities, in source file funcoesboolean.bdf
    Info: Found entity 1: FuncoesBoolean
Info: Found 1 design units, including 1 entities, in source file funcoesvec.bdf
    Info: Found entity 1: FuncoesVec
Info: Found 1 design units, including 1 entities, in source file igual4bt.bdf
    Info: Found entity 1: IGUAL4bt
Info: Found 1 design units, including 1 entities, in source file leda.bdf
    Info: Found entity 1: LEDa
Info: Found 1 design units, including 1 entities, in source file ledb.bdf
    Info: Found entity 1: LEDb
Info: Found 1 design units, including 1 entities, in source file ledbcda.bdf
    Info: Found entity 1: LEDbcdA
Info: Found 1 design units, including 1 entities, in source file ledbcdb.bdf
    Info: Found entity 1: LEDbcdB
Info: Found 1 design units, including 1 entities, in source file ledbcdc.bdf
    Info: Found entity 1: LEDbcdC
Info: Found 1 design units, including 1 entities, in source file ledbcdd.bdf
    Info: Found entity 1: LEDbcdD
Info: Found 1 design units, including 1 entities, in source file ledbcde.bdf
    Info: Found entity 1: LEDbcdE
Info: Found 1 design units, including 1 entities, in source file ledbcdf.bdf
    Info: Found entity 1: LEDbcdF
Info: Found 1 design units, including 1 entities, in source file ledbcdg.bdf
    Info: Found entity 1: LEDbcdG
Info: Found 1 design units, including 1 entities, in source file ledc.bdf
    Info: Found entity 1: LEDc
Info: Found 1 design units, including 1 entities, in source file ledd.bdf
    Info: Found entity 1: LEDd
Info: Found 1 design units, including 1 entities, in source file lede.bdf
    Info: Found entity 1: LEDe
Info: Found 1 design units, including 1 entities, in source file ledf.bdf
    Info: Found entity 1: LEDf
Info: Found 1 design units, including 1 entities, in source file ledg.bdf
    Info: Found entity 1: LEDg
Info: Found 1 design units, including 1 entities, in source file maior_que4bt.bdf
    Info: Found entity 1: MAIOR_QUE4bt
Info: Found 1 design units, including 1 entities, in source file menor_que4bt.bdf
    Info: Found entity 1: MENOR_QUE4bt
Info: Found 1 design units, including 1 entities, in source file mux_overflow.bdf
    Info: Found entity 1: MUX_OVERFLOW
Info: Found 1 design units, including 1 entities, in source file mux3-1bit.bdf
    Info: Found entity 1: MUX3-1bit
Info: Found 1 design units, including 1 entities, in source file somador1bt.bdf
    Info: Found entity 1: SOMADOR1bt
Info: Found 1 design units, including 1 entities, in source file somador4bt.bdf
    Info: Found entity 1: SOMADOR4bt
Info: Found 1 design units, including 1 entities, in source file somadorbcd.bdf
    Info: Found entity 1: SOMADORbcd
Info: Found 1 design units, including 1 entities, in source file subtrator4bt.bdf
    Info: Found entity 1: SUBTRATOR4bt
Info: Found 1 design units, including 1 entities, in source file ula.bdf
    Info: Found entity 1: ULA
Info: Found 1 design units, including 1 entities, in source file ulacdisplay.bdf
    Info: Found entity 1: ULAcDisplay
Info: Found 1 design units, including 1 entities, in source file xor4bt.bdf
    Info: Found entity 1: XOR4bt
Info: Elaborating entity "XOR4bt" for the top level hierarchy
Warning: Ignored assignments for entity "COMPLEMENTOa2" -- entity does not exist in design
    Warning: Assignment for entity set_global_assignment -name LL_ROOT_REGION ON -entity COMPLEMENTOa2 -section_id "Root Region" was ignored
    Warning: Assignment for entity set_global_assignment -name LL_MEMBER_STATE LOCKED -entity COMPLEMENTOa2 -section_id "Root Region" was ignored
Warning: Ignored assignments for entity "ULA" -- entity does not exist in design
    Warning: Assignment for entity set_global_assignment -name LL_ROOT_REGION ON -entity ULA -section_id "Root Region" was ignored
    Warning: Assignment for entity set_global_assignment -name LL_MEMBER_STATE LOCKED -entity ULA -section_id "Root Region" was ignored
Warning: Ignored assignments for entity "projetoSD" -- entity does not exist in design
    Warning: Assignment for entity set_global_assignment -name LL_ROOT_REGION ON -entity projetoSD -section_id "Root Region" was ignored
    Warning: Assignment for entity set_global_assignment -name LL_MEMBER_STATE LOCKED -entity projetoSD -section_id "Root Region" was ignored
Info: Implemented 16 device resources after synthesis - the final resource count might be different
    Info: Implemented 8 input pins
    Info: Implemented 4 output pins
    Info: Implemented 4 logic cells
Info: Quartus II Analysis & Synthesis was successful. 0 errors, 9 warnings
    Info: Peak virtual memory: 209 megabytes
    Info: Processing ended: Thu Nov 01 16:33:02 2018
    Info: Elapsed time: 00:00:02
    Info: Total CPU time (on all processors): 00:00:02


